Watching for changes in /Users/adi/code/adstastic.github.io/{assets,content,layouts,static}
Watching for config changes in /Users/adi/code/adstastic.github.io/hugo.toml
Start building sites … 
hugo v0.147.7+extended+withdeploy darwin/arm64 BuildDate=2025-05-31T12:41:12Z VendorInfo=brew

WARN  found no layout file for "html" for kind "section": You should create a template file which matches Hugo Layouts Lookup Rules for this combination.
WARN  found no layout file for "html" for kind "taxonomy": You should create a template file which matches Hugo Layouts Lookup Rules for this combination.
WARN  found no layout file for "html" for kind "term": You should create a template file which matches Hugo Layouts Lookup Rules for this combination.

                  │ EN  
──────────────────┼─────
 Pages            │ 175 
 Paginator pages  │   0 
 Non-page files   │   0 
 Static files     │  12 
 Processed images │   0 
 Aliases          │   0 
 Cleaned          │   0 

Built in 29 ms
Environment: "development"
Serving pages from disk
Running in Fast Render Mode. For full rebuilds on change: hugo server --disableFastRender
Web Server is available at http://localhost:1313/ (bind address 127.0.0.1) 
Press Ctrl+C to stop

Change detected, rebuilding site (#1).
2025-06-02 21:52:54.641 +0900
Template changed /posts/single.html
WARN  found no layout file for "html" for kind "section": You should create a template file which matches Hugo Layouts Lookup Rules for this combination.
WARN  found no layout file for "html" for kind "term": You should create a template file which matches Hugo Layouts Lookup Rules for this combination.
WARN  found no layout file for "html" for kind "taxonomy": You should create a template file which matches Hugo Layouts Lookup Rules for this combination.
Web Server is available at http://localhost:1313/ (bind address 127.0.0.1)
Total in 9 ms

Change detected, rebuilding site (#2).
2025-06-02 21:53:07.140 +0900
Template changed /quotes/single.html
WARN  found no layout file for "html" for kind "section": You should create a template file which matches Hugo Layouts Lookup Rules for this combination.
WARN  found no layout file for "html" for kind "term": You should create a template file which matches Hugo Layouts Lookup Rules for this combination.
WARN  found no layout file for "html" for kind "taxonomy": You should create a template file which matches Hugo Layouts Lookup Rules for this combination.
Web Server is available at http://localhost:1313/ (bind address 127.0.0.1)
Total in 4 ms

Change detected, rebuilding site (#3).
2025-06-02 21:54:37.563 +0900
Template changed /posts/single.html
WARN  found no layout file for "html" for kind "section": You should create a template file which matches Hugo Layouts Lookup Rules for this combination.
WARN  found no layout file for "html" for kind "term": You should create a template file which matches Hugo Layouts Lookup Rules for this combination.
WARN  found no layout file for "html" for kind "taxonomy": You should create a template file which matches Hugo Layouts Lookup Rules for this combination.
Web Server is available at http://localhost:1313/ (bind address 127.0.0.1)
Total in 9 ms

Change detected, rebuilding site (#4).
2025-06-02 21:54:45.062 +0900
Template changed /quotes/single.html
WARN  found no layout file for "html" for kind "section": You should create a template file which matches Hugo Layouts Lookup Rules for this combination.
WARN  found no layout file for "html" for kind "taxonomy": You should create a template file which matches Hugo Layouts Lookup Rules for this combination.
WARN  found no layout file for "html" for kind "term": You should create a template file which matches Hugo Layouts Lookup Rules for this combination.
Web Server is available at http://localhost:1313/ (bind address 127.0.0.1)
Total in 5 ms

Change detected, rebuilding site (#5).
2025-06-02 21:55:01.562 +0900
Template changed /index.html
WARN  found no layout file for "html" for kind "section": You should create a template file which matches Hugo Layouts Lookup Rules for this combination.
WARN  found no layout file for "html" for kind "term": You should create a template file which matches Hugo Layouts Lookup Rules for this combination.
WARN  found no layout file for "html" for kind "taxonomy": You should create a template file which matches Hugo Layouts Lookup Rules for this combination.
Web Server is available at http://localhost:1313/ (bind address 127.0.0.1)
Total in 8 ms

Change of Static files detected, rebuilding site (#6).
2025-06-02 21:59:23.556 +0900
Syncing /css/main.css to /

Change of Static files detected, rebuilding site (#7).
2025-06-02 22:00:17.556 +0900
Syncing /css/main.css to /

Change detected, rebuilding site (#8).
2025-06-02 22:01:02.555 +0900
Template added /_default/single.html
WARN  found no layout file for "html" for kind "section": You should create a template file which matches Hugo Layouts Lookup Rules for this combination.
WARN  found no layout file for "html" for kind "term": You should create a template file which matches Hugo Layouts Lookup Rules for this combination.
WARN  found no layout file for "html" for kind "taxonomy": You should create a template file which matches Hugo Layouts Lookup Rules for this combination.
Web Server is available at http://localhost:1313/ (bind address 127.0.0.1)
Total in 8 ms

Change detected, rebuilding site (#9).
2025-06-02 22:01:07.555 +0900
Source changed /about.md
WARN  found no layout file for "html" for kind "term": You should create a template file which matches Hugo Layouts Lookup Rules for this combination.
WARN  found no layout file for "html" for kind "section": You should create a template file which matches Hugo Layouts Lookup Rules for this combination.
WARN  found no layout file for "html" for kind "taxonomy": You should create a template file which matches Hugo Layouts Lookup Rules for this combination.
Web Server is available at http://localhost:1313/ (bind address 127.0.0.1)
Total in 4 ms

Change of Static files detected, rebuilding site (#10).
2025-06-02 22:01:38.054 +0900
Syncing /css/main.css to /

Change detected, rebuilding site (#11).
2025-06-02 22:02:09.055 +0900
Template changed /index.html
WARN  found no layout file for "html" for kind "section": You should create a template file which matches Hugo Layouts Lookup Rules for this combination.
WARN  found no layout file for "html" for kind "taxonomy": You should create a template file which matches Hugo Layouts Lookup Rules for this combination.
WARN  found no layout file for "html" for kind "term": You should create a template file which matches Hugo Layouts Lookup Rules for this combination.
Web Server is available at http://localhost:1313/ (bind address 127.0.0.1)
Total in 9 ms

Change of Static files detected, rebuilding site (#12).
2025-06-02 22:02:15.553 +0900
Syncing /css/main.css to /

Change of Static files detected, rebuilding site (#13).
2025-06-02 22:02:26.552 +0900
Syncing /css/main.css to /

Change of Static files detected, rebuilding site (#14).
2025-06-02 22:02:32.053 +0900
Syncing /css/main.css to /

Change detected, rebuilding site (#15).
2025-06-02 22:03:38.554 +0900
WARN  found no layout file for "html" for kind "section": You should create a template file which matches Hugo Layouts Lookup Rules for this combination.
WARN  found no layout file for "html" for kind "taxonomy": You should create a template file which matches Hugo Layouts Lookup Rules for this combination.
WARN  found no layout file for "html" for kind "term": You should create a template file which matches Hugo Layouts Lookup Rules for this combination.
Web Server is available at http://localhost:1313/ (bind address 127.0.0.1)
Rebuilt in 71 ms

Change detected, rebuilding site (#16).
2025-06-02 22:03:47.051 +0900
WARN  found no layout file for "html" for kind "section": You should create a template file which matches Hugo Layouts Lookup Rules for this combination.
WARN  found no layout file for "html" for kind "taxonomy": You should create a template file which matches Hugo Layouts Lookup Rules for this combination.
WARN  found no layout file for "html" for kind "term": You should create a template file which matches Hugo Layouts Lookup Rules for this combination.
Web Server is available at http://localhost:1313/ (bind address 127.0.0.1)
Rebuilt in 75 ms

Change detected, rebuilding site (#17).
2025-06-02 22:03:53.552 +0900
WARN  found no layout file for "html" for kind "section": You should create a template file which matches Hugo Layouts Lookup Rules for this combination.
WARN  found no layout file for "html" for kind "taxonomy": You should create a template file which matches Hugo Layouts Lookup Rules for this combination.
WARN  found no layout file for "html" for kind "term": You should create a template file which matches Hugo Layouts Lookup Rules for this combination.
Web Server is available at http://localhost:1313/ (bind address 127.0.0.1)
Rebuilt in 81 ms

Change detected, rebuilding site (#18).
2025-06-02 22:04:03.051 +0900
WARN  found no layout file for "html" for kind "section": You should create a template file which matches Hugo Layouts Lookup Rules for this combination.
WARN  found no layout file for "html" for kind "taxonomy": You should create a template file which matches Hugo Layouts Lookup Rules for this combination.
WARN  found no layout file for "html" for kind "term": You should create a template file which matches Hugo Layouts Lookup Rules for this combination.
Web Server is available at http://localhost:1313/ (bind address 127.0.0.1)
Rebuilt in 80 ms

Change detected, rebuilding site (#19).
2025-06-02 22:04:10.552 +0900
WARN  found no layout file for "html" for kind "section": You should create a template file which matches Hugo Layouts Lookup Rules for this combination.
WARN  found no layout file for "html" for kind "taxonomy": You should create a template file which matches Hugo Layouts Lookup Rules for this combination.
WARN  found no layout file for "html" for kind "term": You should create a template file which matches Hugo Layouts Lookup Rules for this combination.
Web Server is available at http://localhost:1313/ (bind address 127.0.0.1)
Rebuilt in 85 ms

Change detected, rebuilding site (#20).
2025-06-02 22:14:15.038 +0900
Template changed /index.html
WARN  found no layout file for "html" for kind "section": You should create a template file which matches Hugo Layouts Lookup Rules for this combination.
WARN  found no layout file for "html" for kind "term": You should create a template file which matches Hugo Layouts Lookup Rules for this combination.
WARN  found no layout file for "html" for kind "taxonomy": You should create a template file which matches Hugo Layouts Lookup Rules for this combination.
Web Server is available at http://localhost:1313/ (bind address 127.0.0.1)
Total in 10 ms

Change detected, rebuilding site (#21).
2025-06-02 22:14:42.038 +0900
Template changed /index.html
WARN  found no layout file for "html" for kind "section": You should create a template file which matches Hugo Layouts Lookup Rules for this combination.
WARN  found no layout file for "html" for kind "term": You should create a template file which matches Hugo Layouts Lookup Rules for this combination.
WARN  found no layout file for "html" for kind "taxonomy": You should create a template file which matches Hugo Layouts Lookup Rules for this combination.
Web Server is available at http://localhost:1313/ (bind address 127.0.0.1)
Total in 11 ms

Change detected, rebuilding site (#22).
2025-06-02 22:15:09.537 +0900
Template changed /index.html
WARN  found no layout file for "html" for kind "section": You should create a template file which matches Hugo Layouts Lookup Rules for this combination.
WARN  found no layout file for "html" for kind "taxonomy": You should create a template file which matches Hugo Layouts Lookup Rules for this combination.
WARN  found no layout file for "html" for kind "term": You should create a template file which matches Hugo Layouts Lookup Rules for this combination.
Web Server is available at http://localhost:1313/ (bind address 127.0.0.1)
Total in 11 ms

Change detected, rebuilding site (#23).
2025-06-02 22:15:37.536 +0900
Template changed /index.html
WARN  found no layout file for "html" for kind "section": You should create a template file which matches Hugo Layouts Lookup Rules for this combination.
WARN  found no layout file for "html" for kind "taxonomy": You should create a template file which matches Hugo Layouts Lookup Rules for this combination.
WARN  found no layout file for "html" for kind "term": You should create a template file which matches Hugo Layouts Lookup Rules for this combination.
Web Server is available at http://localhost:1313/ (bind address 127.0.0.1)
Total in 10 ms

Change of Static files detected, rebuilding site (#24).
2025-06-02 22:15:44.037 +0900
Syncing /css/main.css to /

Change of Static files detected, rebuilding site (#25).
2025-06-02 22:16:08.036 +0900
Syncing /css/main.css to /

Change detected, rebuilding site (#26).
2025-06-02 22:16:16.536 +0900
Template changed /index.html
WARN  found no layout file for "html" for kind "section": You should create a template file which matches Hugo Layouts Lookup Rules for this combination.
WARN  found no layout file for "html" for kind "term": You should create a template file which matches Hugo Layouts Lookup Rules for this combination.
WARN  found no layout file for "html" for kind "taxonomy": You should create a template file which matches Hugo Layouts Lookup Rules for this combination.
Web Server is available at http://localhost:1313/ (bind address 127.0.0.1)
Total in 9 ms

Change of Static files detected, rebuilding site (#27).
2025-06-02 22:16:23.035 +0900
Syncing /css/main.css to /

Change detected, rebuilding site (#28).
2025-06-02 22:16:46.034 +0900
Template changed /index.html
WARN  found no layout file for "html" for kind "section": You should create a template file which matches Hugo Layouts Lookup Rules for this combination.
WARN  found no layout file for "html" for kind "taxonomy": You should create a template file which matches Hugo Layouts Lookup Rules for this combination.
WARN  found no layout file for "html" for kind "term": You should create a template file which matches Hugo Layouts Lookup Rules for this combination.
Web Server is available at http://localhost:1313/ (bind address 127.0.0.1)
Total in 11 ms

Change of Static files detected, rebuilding site (#29).
2025-06-02 22:16:52.034 +0900
Syncing /css/main.css to /

Change detected, rebuilding site (#30).
2025-06-02 22:17:15.035 +0900
Template changed /index.html
WARN  found no layout file for "html" for kind "section": You should create a template file which matches Hugo Layouts Lookup Rules for this combination.
WARN  found no layout file for "html" for kind "term": You should create a template file which matches Hugo Layouts Lookup Rules for this combination.
WARN  found no layout file for "html" for kind "taxonomy": You should create a template file which matches Hugo Layouts Lookup Rules for this combination.
Web Server is available at http://localhost:1313/ (bind address 127.0.0.1)
Total in 10 ms

Change detected, rebuilding site (#31).
2025-06-02 22:18:17.034 +0900
Template changed /index.html
WARN  found no layout file for "html" for kind "section": You should create a template file which matches Hugo Layouts Lookup Rules for this combination.
WARN  found no layout file for "html" for kind "term": You should create a template file which matches Hugo Layouts Lookup Rules for this combination.
WARN  found no layout file for "html" for kind "taxonomy": You should create a template file which matches Hugo Layouts Lookup Rules for this combination.
Web Server is available at http://localhost:1313/ (bind address 127.0.0.1)
Total in 15 ms

Change of Static files detected, rebuilding site (#32).
2025-06-02 22:18:24.533 +0900
Syncing /css/main.css to /

Change detected, rebuilding site (#33).
2025-06-02 22:19:12.032 +0900
Template changed /index.html
WARN  found no layout file for "html" for kind "section": You should create a template file which matches Hugo Layouts Lookup Rules for this combination.
WARN  found no layout file for "html" for kind "term": You should create a template file which matches Hugo Layouts Lookup Rules for this combination.
WARN  found no layout file for "html" for kind "taxonomy": You should create a template file which matches Hugo Layouts Lookup Rules for this combination.
Web Server is available at http://localhost:1313/ (bind address 127.0.0.1)
Total in 12 ms

Change of Static files detected, rebuilding site (#34).
2025-06-02 22:20:04.031 +0900
Syncing /css/main.css to /

Change of Static files detected, rebuilding site (#35).
2025-06-02 22:20:36.530 +0900
Syncing /css/main.css to /

Change of Static files detected, rebuilding site (#36).
2025-06-02 22:21:09.030 +0900
Syncing /css/main.css to /

Change of Static files detected, rebuilding site (#37).
2025-06-02 22:21:45.029 +0900
Syncing /css/main.css to /

Change of Static files detected, rebuilding site (#38).
2025-06-02 22:22:11.029 +0900
Syncing /css/main.css to /
